<?xml version="1.0" encoding="UTF-8"?>
<!-- Generated by org.testng.reporters.JUnitReportReporter -->
<testsuite hostname="Freshworks" failures="0" tests="4" name="testCases_Todo.TodoRegistration" time="21.334" errors="0" timestamp="2024-07-29T05:22:01 PDT" skipped="0">
  <testcase classname="testCases_Todo.TodoRegistration" name="OpenGoogle" time="0.060"/>
  <system-out/>
  <testcase classname="testCases_Todo.TodoRegistration" name="emailSignup" time="7.206"/>
  <system-out/>
  <testcase classname="testCases_Todo.TodoRegistration" name="emailDuplicateSignup" time="5.197"/>
  <system-out/>
  <testcase classname="testCases_Todo.TodoRegistration" name="Login" time="8.871"/>
  <system-out/>
</testsuite> <!-- testCases_Todo.TodoRegistration -->
