<?xml version="1.0" encoding="UTF-8"?>
<!-- Generated by org.testng.reporters.JUnitReportReporter -->
<testsuite hostname="Freshworks" failures="0" tests="1" name="testCases_Todo.TodoRegistration" time="3.264" errors="0" timestamp="2024-07-25T03:26:23 PDT" skipped="0">
  <testcase classname="testCases_Todo.TodoRegistration" name="emailLogin" time="3.264"/>
  <system-out/>
</testsuite> <!-- testCases_Todo.TodoRegistration -->
